<?xml version="1.0" encoding="UTF-8"?>
<testsuite xmlns:xsi="http://www.w3.org/2001/XMLSchema-instance" xsi:noNamespaceSchemaLocation="https://maven.apache.org/surefire/maven-surefire-plugin/xsd/surefire-test-report.xsd" name="AddControllerTest" time="2.583" tests="3" errors="0" skipped="0" failures="0">
  <properties>
[...]
</properties>
  <testcase name="testInvalidBody" classname="AddControllerTest" time="2.359"/>
  <testcase name="testAddNumbers" classname="AddControllerTest" time="0.158"/>
  <testcase name="testAddTwoNulls" classname="AddControllerTest" time="0.038"/>
</testsuite>